<?xml version="1.0" encoding="UTF-8"?>
<!-- Generated by org.testng.reporters.JUnitXMLReporter -->
<testsuite ignored="5" hostname="Lenovo" failures="0" tests="1" name="Default test" time="7.824" errors="0" timestamp="2025-01-28T10:18:51 IST">
  <testcase classname="reqres.services.UserService" name="partialUpdateUserWithRequestBodyAndHeaderTest" time="7.704"/>
  <testcase classname="reqres.services.UserService" name="createUserWithRequestBodyAndHeaderTest" time="0.0">
    <ignored/>
  </testcase> <!-- createUserWithRequestBodyAndHeaderTest -->
  <testcase classname="reqres.services.UserService" name="updateUserWithRequestBodyAndHeaderTest" time="0.0">
    <ignored/>
  </testcase> <!-- updateUserWithRequestBodyAndHeaderTest -->
  <testcase classname="reqres.services.UserService" name="getUserWithQueryParamTest" time="0.0">
    <ignored/>
  </testcase> <!-- getUserWithQueryParamTest -->
  <testcase classname="reqres.services.UserService" name="deleteUserWithPathParamTest" time="0.0">
    <ignored/>
  </testcase> <!-- deleteUserWithPathParamTest -->
  <testcase classname="reqres.services.UserService" name="getUserTest" time="0.0">
    <ignored/>
  </testcase> <!-- getUserTest -->
</testsuite> <!-- Default test -->
