<?xml version="1.0" encoding="UTF-8"?>
<!-- Generated by org.testng.reporters.JUnitXMLReporter -->
<testsuite ignored="0" hostname="Lenovo" failures="0" tests="3" name="Test" time="8.049" errors="0" timestamp="2025-02-01T12:25:21 IST">
  <testcase classname="service.tests.UserServieTestCases" name="testGetListOfUsersEndpoint" time="4.711"/>
  <testcase classname="service.tests.UserServieTestCases" name="testCreateUserEndpoint" time="1.194"/>
  <testcase classname="service.tests.UserServieTestCases" name="testUpdateUserEndpoint" time="0.483"/>
</testsuite> <!-- Test -->
