<?xml version="1.0" encoding="UTF-8"?>
<testng-results ignored="0" total="3" passed="3" failed="0" skipped="0">
  <reporter-output>
  </reporter-output>
  <suite started-at="2025-02-01T12:25:13 IST" name="Suite" finished-at="2025-02-01T12:25:21 IST" duration-ms="8049">
    <groups>
    </groups>
    <test started-at="2025-02-01T12:25:13 IST" name="Test" finished-at="2025-02-01T12:25:21 IST" duration-ms="8049">
      <class name="service.tests.UserServieTestCases">
        <test-method is-config="true" signature="initilizePropeties(java.lang.String)[pri:0, instance:service.tests.UserServieTestCases@659499f1]" started-at="2025-02-01T12:25:13 IST" name="initilizePropeties" finished-at="2025-02-01T12:25:14 IST" duration-ms="1585" status="PASS">
          <params>
            <param index="0">
              <value>
                <![CDATA[prod]]>
              </value>
            </param>
          </params>
          <reporter-output>
          </reporter-output>
        </test-method> <!-- initilizePropeties -->
        <test-method signature="testGetListOfUsersEndpoint()[pri:0, instance:service.tests.UserServieTestCases@659499f1]" started-at="2025-02-01T12:25:14 IST" name="testGetListOfUsersEndpoint" finished-at="2025-02-01T12:25:19 IST" duration-ms="4711" status="PASS">
          <reporter-output>
          </reporter-output>
        </test-method> <!-- testGetListOfUsersEndpoint -->
        <test-method signature="testCreateUserEndpoint()[pri:0, instance:service.tests.UserServieTestCases@659499f1]" started-at="2025-02-01T12:25:19 IST" name="testCreateUserEndpoint" finished-at="2025-02-01T12:25:20 IST" duration-ms="1194" status="PASS">
          <reporter-output>
          </reporter-output>
        </test-method> <!-- testCreateUserEndpoint -->
        <test-method signature="testUpdateUserEndpoint()[pri:0, instance:service.tests.UserServieTestCases@659499f1]" started-at="2025-02-01T12:25:20 IST" name="testUpdateUserEndpoint" finished-at="2025-02-01T12:25:21 IST" duration-ms="483" status="PASS">
          <reporter-output>
          </reporter-output>
        </test-method> <!-- testUpdateUserEndpoint -->
      </class> <!-- service.tests.UserServieTestCases -->
    </test> <!-- Test -->
  </suite> <!-- Suite -->
</testng-results>
