<?xml version="1.0" encoding="UTF-8"?>
<testng-results ignored="5" total="6" passed="1" failed="0" skipped="0">
  <reporter-output>
  </reporter-output>
  <suite started-at="2025-01-28T10:18:44 IST" name="Default suite" finished-at="2025-01-28T10:18:51 IST" duration-ms="7824">
    <groups>
    </groups>
    <test started-at="2025-01-28T10:18:44 IST" name="Default test" finished-at="2025-01-28T10:18:51 IST" duration-ms="7824">
      <class name="reqres.services.UserService">
        <test-method signature="partialUpdateUserWithRequestBodyAndHeaderTest()[pri:0, instance:reqres.services.UserService@3f6f6701]" started-at="2025-01-28T10:18:44 IST" name="partialUpdateUserWithRequestBodyAndHeaderTest" finished-at="2025-01-28T10:18:51 IST" duration-ms="7704" status="PASS">
          <reporter-output>
          </reporter-output>
        </test-method> <!-- partialUpdateUserWithRequestBodyAndHeaderTest -->
      </class> <!-- reqres.services.UserService -->
    </test> <!-- Default test -->
  </suite> <!-- Default suite -->
</testng-results>
